[+] Containers:
 |- [+] Container: /Game/TopDown/Maps/TopDownMap
 |   |- [+] ActorDescs:
 |   |   |- Guid:046FAA014088127A952F438280C38219 BaseClass: NativeClass:/Script/Engine.StaticMeshActor Name:StaticMeshActor_UAID_507B9DF5431BA16801_1266554322 Label:SM_Pine_Tree_1 SpatiallyLoaded:1 Bounds:IsValid=true, Min=(X=656.346 Y=1634.949 Z=-1.629), Max=(X=851.395 Y=1851.658 Z=344.933) RuntimeGrid:None EditorOnly:0 RuntimeOnly:0 HLODRelevant:1 FolderPath:Trees FolderGuid:EE06DF15413A56EB96F70AA625BB4333
 |   |   |- Guid:141426E74CCBA5258A2D93BC98CC64FC BaseClass: NativeClass:/Script/Engine.StaticMeshActor Name:StaticMeshActor_UAID_507B9DF5431B786601_1987820991 Label:Chopped_Wood_Vis SpatiallyLoaded:1 Bounds:IsValid=true, Min=(X=1666.183 Y=1286.104 Z=-8.223), Max=(X=1920.584 Y=1508.104 Z=104.643) RuntimeGrid:None EditorOnly:0 RuntimeOnly:0 HLODRelevant:1
 |   |   |- Guid:147C8D134B12D635012D5F8C57D2C96F BaseClass: NativeClass:/Script/Engine.PostProcessVolume Name:PostProcessVolume_1 Label:PostProcessVolume SpatiallyLoaded:0 Bounds:IsValid=true, Min=(X=0.000 Y=0.000 Z=400.000), Max=(X=200.000 Y=200.000 Z=600.000) RuntimeGrid:None EditorOnly:0 RuntimeOnly:0 HLODRelevant:0 FolderPath:Lighting FolderGuid:4C9334684BA61B42C769F799D2576455
 |   |   |- Guid:1742DF43475F097453197AA79C7473D9 BaseClass: NativeClass:/Script/Engine.SkyLight Name:SkyLight_1 Label:SkyLight SpatiallyLoaded:0 Bounds:IsValid=true, Min=(X=0.000 Y=0.000 Z=690.000), Max=(X=0.000 Y=0.000 Z=690.000) RuntimeGrid:None EditorOnly:0 RuntimeOnly:0 HLODRelevant:0 FolderPath:Lighting FolderGuid:4C9334684BA61B42C769F799D2576455
 |   |   |- Guid:185DED974BA441C950492BA95E174FD9 BaseClass:/Game/Units/Unit_style_2.Unit_style_2_C NativeClass:/Script/Engine.Character Name:Unit_style_2_C_UAID_507B9DF5431BCD6601_1123594954 Label:Unit_style_6 SpatiallyLoaded:1 Bounds:IsValid=true, Min=(X=760.000 Y=1160.000 Z=0.000), Max=(X=804.800 Y=1200.000 Z=123.019) RuntimeGrid:None EditorOnly:0 RuntimeOnly:0 HLODRelevant:0 FolderPath:PlayerUnits FolderGuid:DA2D831249590C3E5F1932BA1F7B549B
 |   |   |- Guid:2169CB5C470E0E674279BA96829753DD BaseClass: NativeClass:/Script/Engine.StaticMeshActor Name:StaticMeshActor_17 Label:SM_Cube SpatiallyLoaded:1 Bounds:IsValid=true, Min=(X=0.000 Y=0.000 Z=-1000.000), Max=(X=3000.000 Y=3500.000 Z=-950.000) RuntimeGrid:None EditorOnly:0 RuntimeOnly:0 HLODRelevant:1 FolderPath:Playground FolderGuid:9FE5E8B349AF71F05F2688921F3F2AC5
 |   |   |- Guid:290FBAAE473E09A1E3273897F00D6A78 BaseClass: NativeClass:/Script/Engine.StaticMeshActor Name:StaticMeshActor_UAID_507B9DF5431BA16801_1506022332 Label:SM_Common_Tree_02 SpatiallyLoaded:1 Bounds:IsValid=true, Min=(X=766.751 Y=1719.540 Z=-8.857), Max=(X=1001.672 Y=1927.064 Z=228.134) RuntimeGrid:None EditorOnly:0 RuntimeOnly:0 HLODRelevant:1 FolderPath:Trees FolderGuid:EE06DF15413A56EB96F70AA625BB4333
 |   |   |- Guid:2DF0D95440BE0EDA81652F860DC7268E BaseClass: NativeClass:/Script/Engine.WorldDataLayers Name:WorldDataLayers Label:WorldDataLayers SpatiallyLoaded:0 Bounds:IsValid=true, Min=(X=0.000 Y=0.000 Z=0.000), Max=(X=0.000 Y=0.000 Z=0.000) RuntimeGrid:None EditorOnly:0 RuntimeOnly:0 HLODRelevant:0
 |   |   |- Guid:455CAA2E4D0338E815851890A1B5B180 BaseClass: NativeClass:/Script/Engine.StaticMeshActor Name:StaticMeshActor_UAID_507B9DF5431BA16801_1413265327 Label:SM_Pine_Tree_6 SpatiallyLoaded:1 Bounds:IsValid=true, Min=(X=480.127 Y=1668.379 Z=-3.220), Max=(X=637.807 Y=1819.180 Z=336.456) RuntimeGrid:None EditorOnly:0 RuntimeOnly:0 HLODRelevant:1 FolderPath:Trees FolderGuid:EE06DF15413A56EB96F70AA625BB4333
 |   |   |- Guid:6252C7D64ACF162A73EE65B11FE214D1 BaseClass: NativeClass:/Script/Engine.SkyAtmosphere Name:SkyAtmosphere_1 Label:SkyAtmosphere SpatiallyLoaded:0 Bounds:IsValid=true, Min=(X=0.000 Y=0.000 Z=1020.000), Max=(X=0.000 Y=0.000 Z=1020.000) RuntimeGrid:None EditorOnly:0 RuntimeOnly:0 HLODRelevant:0 FolderPath:Lighting FolderGuid:4C9334684BA61B42C769F799D2576455
 |   |   |- Guid:6398734044B4E6341564518629707440 BaseClass: NativeClass:/Script/Engine.StaticMeshActor Name:StaticMeshActor_UAID_507B9DF5431BA46801_1118698847 Label:S_Mossy_Rock_Formation_wjwqfcy_lod5_Var1 SpatiallyLoaded:1 Bounds:IsValid=true, Min=(X=-712.316 Y=-408.317 Z=-4.768), Max=(X=1102.626 Y=946.097 Z=518.538) RuntimeGrid:None EditorOnly:0 RuntimeOnly:0 HLODRelevant:1 FolderPath:Trees FolderGuid:EE06DF15413A56EB96F70AA625BB4333
 |   |   |- Guid:667DEE2545A4644F4A58878D5E66FE10 BaseClass:/Game/Units/Unit_style_2.Unit_style_2_C NativeClass:/Script/Engine.Character Name:Unit_style_2_C_UAID_507B9DF5431BCD6601_1119613953 Label:Unit_style_5 SpatiallyLoaded:1 Bounds:IsValid=true, Min=(X=900.000 Y=1520.000 Z=0.000), Max=(X=944.800 Y=1560.000 Z=123.019) RuntimeGrid:None EditorOnly:0 RuntimeOnly:0 HLODRelevant:0 FolderPath:PlayerUnits FolderGuid:DA2D831249590C3E5F1932BA1F7B549B
 |   |   |- Guid:66BCBF874D2A22ADC6523B95EE812CA3 BaseClass: NativeClass:/Script/Engine.StaticMeshActor Name:StaticMeshActor_UAID_A4AE111137DC5CFB00_1660657071 Label:SM_SkySphere SpatiallyLoaded:0 Bounds:IsValid=true, Min=(X=-1638400.000 Y=-1638400.000 Z=-1638400.000), Max=(X=1638400.000 Y=1638400.000 Z=1638400.000) RuntimeGrid:None EditorOnly:0 RuntimeOnly:0 HLODRelevant:1 FolderPath:Lighting FolderGuid:4C9334684BA61B42C769F799D2576455
 |   |   |- Guid:67F0B8FE43BF157FA0A21180BC23CFED BaseClass: NativeClass:/Script/Engine.StaticMeshActor Name:StaticMeshActor_UAID_507B9DF5431BA16801_1345058323 Label:SM_Pine_Tree_3 SpatiallyLoaded:1 Bounds:IsValid=true, Min=(X=580.548 Y=1517.590 Z=-2.160), Max=(X=734.861 Y=1678.446 Z=273.709) RuntimeGrid:None EditorOnly:0 RuntimeOnly:0 HLODRelevant:1 FolderPath:Trees FolderGuid:EE06DF15413A56EB96F70AA625BB4333
 |   |   |- Guid:76B123F54B3CED0AD745868CE9211EA0 BaseClass: NativeClass:/Script/Engine.StaticMeshActor Name:StaticMeshActor_UAID_507B9DF5431BA16801_1576456333 Label:SM_Common_Tree_2 SpatiallyLoaded:1 Bounds:IsValid=true, Min=(X=519.107 Y=1527.048 Z=-6.922), Max=(X=859.531 Y=1849.698 Z=234.895) RuntimeGrid:None EditorOnly:0 RuntimeOnly:0 HLODRelevant:1 FolderPath:Trees FolderGuid:EE06DF15413A56EB96F70AA625BB4333
 |   |   |- Guid:77F893B3468595EE782136AD620D7EF4 BaseClass: NativeClass:/Script/Engine.VolumetricCloud Name:VolumetricCloud_0 Label:VolumetricCloud SpatiallyLoaded:0 Bounds:IsValid=true, Min=(X=0.000 Y=0.000 Z=820.000), Max=(X=0.000 Y=0.000 Z=820.000) RuntimeGrid:None EditorOnly:0 RuntimeOnly:0 HLODRelevant:0 FolderPath:Lighting FolderGuid:4C9334684BA61B42C769F799D2576455
 |   |   |- Guid:8D3DE49349BE08CF148FD687F022C0FF BaseClass: NativeClass:/Script/Engine.StaticMeshActor Name:StaticMeshActor_UAID_507B9DF5431BA16801_1413263326 Label:SM_Pine_Tree_5 SpatiallyLoaded:1 Bounds:IsValid=true, Min=(X=720.548 Y=1787.590 Z=-2.160), Max=(X=874.861 Y=1948.446 Z=273.709) RuntimeGrid:None EditorOnly:0 RuntimeOnly:0 HLODRelevant:1 FolderPath:Trees FolderGuid:EE06DF15413A56EB96F70AA625BB4333
 |   |   |- Guid:A16801A34888C3B1D1DE009981D65D9B BaseClass:/Game/Units/Unit_style_1.Unit_style_1_C NativeClass:/Script/Engine.Character Name:Unit_style_1_C_UAID_507B9DF5431BCD6601_1116198952 Label:Unit_style_4 SpatiallyLoaded:1 Bounds:IsValid=true, Min=(X=830.000 Y=1328.429 Z=0.000), Max=(X=871.373 Y=1370.006 Z=121.159) RuntimeGrid:None EditorOnly:0 RuntimeOnly:0 HLODRelevant:0 FolderPath:PlayerUnits FolderGuid:DA2D831249590C3E5F1932BA1F7B549B
 |   |   |- Guid:A8CFEAEA4C5AA4DB680FDFB5D7291CBE BaseClass:/Game/CameraPawn.CameraPawn_C NativeClass:/Script/Engine.Pawn Name:CameraPawn_C_UAID_507B9DF5431B796601_1768637168 Label:CameraPawn SpatiallyLoaded:1 Bounds:IsValid=true, Min=(X=860.000 Y=1820.000 Z=800.000), Max=(X=860.000 Y=1820.000 Z=800.000) RuntimeGrid:None EditorOnly:0 RuntimeOnly:0 HLODRelevant:0
 |   |   |- Guid:AD5A2D29495765E7BD5BC19DB54CBAF0 BaseClass: NativeClass:/Script/Engine.StaticMeshActor Name:StaticMeshActor_UAID_507B9DF5431BA16801_1413260325 Label:SM_Pine_Tree_4 SpatiallyLoaded:1 Bounds:IsValid=true, Min=(X=416.346 Y=1854.949 Z=-1.629), Max=(X=611.395 Y=2071.658 Z=344.933) RuntimeGrid:None EditorOnly:0 RuntimeOnly:0 HLODRelevant:1 FolderPath:Trees FolderGuid:EE06DF15413A56EB96F70AA625BB4333
 |   |   |- Guid:AECEEEE741E6DE68F6843FA49564A956 BaseClass: NativeClass:/Script/Engine.DirectionalLight Name:DirectionalLight_1 Label:DirectionalLight SpatiallyLoaded:0 Bounds:IsValid=true, Min=(X=-1048576.000 Y=-1048576.000 Z=-1048576.000), Max=(X=1048576.000 Y=1048576.000 Z=1048576.000) RuntimeGrid:None EditorOnly:0 RuntimeOnly:0 HLODRelevant:0 FolderPath:Lighting FolderGuid:4C9334684BA61B42C769F799D2576455
 |   |   |- Guid:B7417428406379DA90A1049C0D3C0443 BaseClass: NativeClass:/Script/Engine.StaticMeshActor Name:StaticMeshActor_UAID_507B9DF5431BA16801_1437319328 Label:SM_Pine_Tree_7 SpatiallyLoaded:1 Bounds:IsValid=true, Min=(X=651.113 Y=1717.738 Z=-2.587), Max=(X=848.248 Y=1923.231 Z=207.676) RuntimeGrid:None EditorOnly:0 RuntimeOnly:0 HLODRelevant:1 FolderPath:Trees FolderGuid:EE06DF15413A56EB96F70AA625BB4333
 |   |   |- Guid:B859404040B56B4D8F43C8B374736B04 BaseClass: NativeClass:/Script/Engine.StaticMeshActor Name:StaticMeshActor_UAID_507B9DF5431BA16801_1610015334 Label:SM_Pine_Tree_8 SpatiallyLoaded:1 Bounds:IsValid=true, Min=(X=780.548 Y=1877.590 Z=-2.160), Max=(X=934.861 Y=2038.446 Z=273.709) RuntimeGrid:None EditorOnly:0 RuntimeOnly:0 HLODRelevant:1 FolderPath:Trees FolderGuid:EE06DF15413A56EB96F70AA625BB4333
 |   |   |- Guid:C3B7C7AA4F566F7522BD46BFEA4C8D6E BaseClass:/Game/Units/Unit_style_1.Unit_style_1_C NativeClass:/Script/Engine.Character Name:Unit_style_1_C_UAID_507B9DF5431B9A6601_1793259979 Label:Unit_style_1 SpatiallyLoaded:1 Bounds:IsValid=true, Min=(X=1420.000 Y=1228.429 Z=0.000), Max=(X=1461.373 Y=1270.006 Z=121.159) RuntimeGrid:None EditorOnly:0 RuntimeOnly:0 HLODRelevant:0 FolderPath:Units FolderGuid:43B9F9804C745AFF23E509B2A35C148D
 |   |   |- Guid:CCDD89584E0A9025F52AEDA51D60CA54 BaseClass: NativeClass:/Script/NavigationSystem.NavMeshBoundsVolume Name:NavMeshBoundsVolume_1 Label:NavMeshBoundsVolume SpatiallyLoaded:0 Bounds:IsValid=true, Min=(X=-100.000 Y=-100.000 Z=-260.000), Max=(X=3100.000 Y=3600.000 Z=240.000) RuntimeGrid:None EditorOnly:0 RuntimeOnly:0 HLODRelevant:0 FolderPath:Navigation FolderGuid:AE45D61F453CC144CF8289862C276E89
 |   |   |- Guid:D24D61B944EF71BE7BC469B7EB239299 BaseClass: NativeClass:/Script/Engine.ExponentialHeightFog Name:ExponentialHeightFog_1 Label:ExponentialHeightFog SpatiallyLoaded:0 Bounds:IsValid=true, Min=(X=-5600.000 Y=-50.000 Z=-6850.000), Max=(X=-5600.000 Y=-50.000 Z=-6850.000) RuntimeGrid:None EditorOnly:0 RuntimeOnly:0 HLODRelevant:0 FolderPath:Lighting FolderGuid:4C9334684BA61B42C769F799D2576455
 |   |   |- Guid:DCF381244258C3B9FC09699C012A93BB BaseClass: NativeClass:/Script/Engine.StaticMeshActor Name:StaticMeshActor_UAID_507B9DF5431B666701_1889906879 Label:Chopped_Wood_Collider SpatiallyLoaded:1 Bounds:IsValid=true, Min=(X=1706.452 Y=1317.995 Z=-7.177), Max=(X=1889.620 Y=1477.835 Z=91.325) RuntimeGrid:None EditorOnly:0 RuntimeOnly:0 HLODRelevant:0 Parent:141426E74CCBA5258A2D93BC98CC64FC
 |   |   |- Guid:DFC7D6BB4F1E3AF9A658E887A9382A4E BaseClass: NativeClass:/Script/Engine.StaticMeshActor Name:StaticMeshActor_UAID_507B9DF5431BA16801_1454874329 Label:SM_Common_Tree_01 SpatiallyLoaded:1 Bounds:IsValid=true, Min=(X=448.558 Y=1771.898 Z=-6.922), Max=(X=755.988 Y=1935.124 Z=234.895) RuntimeGrid:None EditorOnly:0 RuntimeOnly:0 HLODRelevant:1 FolderPath:Trees FolderGuid:EE06DF15413A56EB96F70AA625BB4333
 |   |   |- Guid:E5ED92054ECCB28B39A1F49B96B81D73 BaseClass: NativeClass:/Script/Engine.StaticMeshActor Name:StaticMeshActor_UAID_507B9DF5431BA56801_2017525023 Label:Cube SpatiallyLoaded:1 Bounds:IsValid=true, Min=(X=105.976 Y=166.769 Z=-248.266), Max=(X=3234.024 Y=4233.231 Z=0.000) RuntimeGrid:None EditorOnly:0 RuntimeOnly:0 HLODRelevant:1
 |   |   |- Guid:EB2FFEA842823ECC216F67B775F21E64 BaseClass: NativeClass:/Script/Engine.StaticMeshActor Name:StaticMeshActor_UAID_507B9DF5431BA16801_1488094331 Label:SM_Common_Tree_11 SpatiallyLoaded:1 Bounds:IsValid=true, Min=(X=571.022 Y=1883.340 Z=-15.680), Max=(X=797.625 Y=2088.722 Z=276.328) RuntimeGrid:None EditorOnly:0 RuntimeOnly:0 HLODRelevant:1 FolderPath:Trees FolderGuid:EE06DF15413A56EB96F70AA625BB4333
 |   |   |- Guid:EC030E9342EEE29177965F896D0D3DDF BaseClass:/Game/Units/Unit_style_2.Unit_style_2_C NativeClass:/Script/Engine.Character Name:Unit_style_2_C_UAID_507B9DF5431B9A6601_1795813980 Label:Unit_style_2 SpatiallyLoaded:1 Bounds:IsValid=true, Min=(X=1430.000 Y=1660.000 Z=0.000), Max=(X=1474.800 Y=1700.000 Z=123.019) RuntimeGrid:None EditorOnly:0 RuntimeOnly:0 HLODRelevant:0 FolderPath:Units FolderGuid:43B9F9804C745AFF23E509B2A35C148D
 |   |   |- Guid:F33CC5014C49925B3A9D52A063AF483F BaseClass: NativeClass:/Script/Engine.PlayerStart Name:PlayerStart_0 Label:PlayerStart SpatiallyLoaded:0 Bounds:IsValid=true, Min=(X=960.000 Y=1770.000 Z=0.013), Max=(X=1040.000 Y=1850.000 Z=184.013) RuntimeGrid:None EditorOnly:0 RuntimeOnly:0 HLODRelevant:0
 |   |   |- Guid:F8B388234B9DB6C493CC86B84855E91C BaseClass:/Game/Units/Unit_style_1.Unit_style_1_C NativeClass:/Script/Engine.Character Name:Unit_style_1_C_UAID_507B9DF5431BCD6601_1112504951 Label:Unit_style_3 SpatiallyLoaded:1 Bounds:IsValid=true, Min=(X=920.000 Y=1188.429 Z=0.000), Max=(X=961.373 Y=1230.006 Z=121.159) RuntimeGrid:None EditorOnly:0 RuntimeOnly:0 HLODRelevant:0 FolderPath:PlayerUnits FolderGuid:DA2D831249590C3E5F1932BA1F7B549B
 |   |   |- Guid:F9EAC68444314F10F45E10B0762CDC39 BaseClass: NativeClass:/Script/Engine.StaticMeshActor Name:StaticMeshActor_UAID_507B9DF5431BA46801_1408085848 Label:S_Huge_Sandstone_Cliff_vmjecjd_lod5_Var1 SpatiallyLoaded:1 Bounds:IsValid=true, Min=(X=765.733 Y=2754.456 Z=-348.703), Max=(X=2270.213 Y=3756.261 Z=890.460) RuntimeGrid:None EditorOnly:0 RuntimeOnly:0 HLODRelevant:1
 |   |   |- Guid:FF2C9DA64BBF282E8594BBB0769397D8 BaseClass: NativeClass:/Script/Engine.StaticMeshActor Name:StaticMeshActor_UAID_507B9DF5431BA16801_1391324324 Label:SM_Pine_Tree_2 SpatiallyLoaded:1 Bounds:IsValid=true, Min=(X=570.127 Y=2008.379 Z=-3.220), Max=(X=727.807 Y=2159.180 Z=336.456) RuntimeGrid:None EditorOnly:0 RuntimeOnly:0 HLODRelevant:1 FolderPath:Trees FolderGuid:EE06DF15413A56EB96F70AA625BB4333
 |   |- [+] Clusters:
 |   |   |- [+] [  0]
 |   |   |   |- Guid:C3B7C7AA4F566F7522BD46BFEA4C8D6E BaseClass:/Game/Units/Unit_style_1.Unit_style_1_C NativeClass:/Script/Engine.Character Name:Unit_style_1_C_UAID_507B9DF5431B9A6601_1793259979 Label:Unit_style_1 SpatiallyLoaded:1 Bounds:IsValid=true, Min=(X=1420.000 Y=1228.429 Z=0.000), Max=(X=1461.373 Y=1270.006 Z=121.159) RuntimeGrid:None EditorOnly:0 RuntimeOnly:0 HLODRelevant:0 FolderPath:Units FolderGuid:43B9F9804C745AFF23E509B2A35C148D
 |   |   |- [+] [  1]
 |   |   |   |- Guid:CCDD89584E0A9025F52AEDA51D60CA54 BaseClass: NativeClass:/Script/NavigationSystem.NavMeshBoundsVolume Name:NavMeshBoundsVolume_1 Label:NavMeshBoundsVolume SpatiallyLoaded:0 Bounds:IsValid=true, Min=(X=-100.000 Y=-100.000 Z=-260.000), Max=(X=3100.000 Y=3600.000 Z=240.000) RuntimeGrid:None EditorOnly:0 RuntimeOnly:0 HLODRelevant:0 FolderPath:Navigation FolderGuid:AE45D61F453CC144CF8289862C276E89
 |   |   |- [+] [  2]
 |   |   |   |- Guid:F8B388234B9DB6C493CC86B84855E91C BaseClass:/Game/Units/Unit_style_1.Unit_style_1_C NativeClass:/Script/Engine.Character Name:Unit_style_1_C_UAID_507B9DF5431BCD6601_1112504951 Label:Unit_style_3 SpatiallyLoaded:1 Bounds:IsValid=true, Min=(X=920.000 Y=1188.429 Z=0.000), Max=(X=961.373 Y=1230.006 Z=121.159) RuntimeGrid:None EditorOnly:0 RuntimeOnly:0 HLODRelevant:0 FolderPath:PlayerUnits FolderGuid:DA2D831249590C3E5F1932BA1F7B549B
 |   |   |- [+] [  3]
 |   |   |   |- Guid:667DEE2545A4644F4A58878D5E66FE10 BaseClass:/Game/Units/Unit_style_2.Unit_style_2_C NativeClass:/Script/Engine.Character Name:Unit_style_2_C_UAID_507B9DF5431BCD6601_1119613953 Label:Unit_style_5 SpatiallyLoaded:1 Bounds:IsValid=true, Min=(X=900.000 Y=1520.000 Z=0.000), Max=(X=944.800 Y=1560.000 Z=123.019) RuntimeGrid:None EditorOnly:0 RuntimeOnly:0 HLODRelevant:0 FolderPath:PlayerUnits FolderGuid:DA2D831249590C3E5F1932BA1F7B549B
 |   |   |- [+] [  4]
 |   |   |   |- Guid:290FBAAE473E09A1E3273897F00D6A78 BaseClass: NativeClass:/Script/Engine.StaticMeshActor Name:StaticMeshActor_UAID_507B9DF5431BA16801_1506022332 Label:SM_Common_Tree_02 SpatiallyLoaded:1 Bounds:IsValid=true, Min=(X=766.751 Y=1719.540 Z=-8.857), Max=(X=1001.672 Y=1927.064 Z=228.134) RuntimeGrid:None EditorOnly:0 RuntimeOnly:0 HLODRelevant:1 FolderPath:Trees FolderGuid:EE06DF15413A56EB96F70AA625BB4333
 |   |   |- [+] [  5]
 |   |   |   |- Guid:046FAA014088127A952F438280C38219 BaseClass: NativeClass:/Script/Engine.StaticMeshActor Name:StaticMeshActor_UAID_507B9DF5431BA16801_1266554322 Label:SM_Pine_Tree_1 SpatiallyLoaded:1 Bounds:IsValid=true, Min=(X=656.346 Y=1634.949 Z=-1.629), Max=(X=851.395 Y=1851.658 Z=344.933) RuntimeGrid:None EditorOnly:0 RuntimeOnly:0 HLODRelevant:1 FolderPath:Trees FolderGuid:EE06DF15413A56EB96F70AA625BB4333
 |   |   |- [+] [  6]
 |   |   |   |- Guid:EC030E9342EEE29177965F896D0D3DDF BaseClass:/Game/Units/Unit_style_2.Unit_style_2_C NativeClass:/Script/Engine.Character Name:Unit_style_2_C_UAID_507B9DF5431B9A6601_1795813980 Label:Unit_style_2 SpatiallyLoaded:1 Bounds:IsValid=true, Min=(X=1430.000 Y=1660.000 Z=0.000), Max=(X=1474.800 Y=1700.000 Z=123.019) RuntimeGrid:None EditorOnly:0 RuntimeOnly:0 HLODRelevant:0 FolderPath:Units FolderGuid:43B9F9804C745AFF23E509B2A35C148D
 |   |   |- [+] [  7]
 |   |   |   |- Guid:2169CB5C470E0E674279BA96829753DD BaseClass: NativeClass:/Script/Engine.StaticMeshActor Name:StaticMeshActor_17 Label:SM_Cube SpatiallyLoaded:1 Bounds:IsValid=true, Min=(X=0.000 Y=0.000 Z=-1000.000), Max=(X=3000.000 Y=3500.000 Z=-950.000) RuntimeGrid:None EditorOnly:0 RuntimeOnly:0 HLODRelevant:1 FolderPath:Playground FolderGuid:9FE5E8B349AF71F05F2688921F3F2AC5
 |   |   |- [+] [  8]
 |   |   |   |- Guid:EB2FFEA842823ECC216F67B775F21E64 BaseClass: NativeClass:/Script/Engine.StaticMeshActor Name:StaticMeshActor_UAID_507B9DF5431BA16801_1488094331 Label:SM_Common_Tree_11 SpatiallyLoaded:1 Bounds:IsValid=true, Min=(X=571.022 Y=1883.340 Z=-15.680), Max=(X=797.625 Y=2088.722 Z=276.328) RuntimeGrid:None EditorOnly:0 RuntimeOnly:0 HLODRelevant:1 FolderPath:Trees FolderGuid:EE06DF15413A56EB96F70AA625BB4333
 |   |   |- [+] [  9]
 |   |   |   |- Guid:8D3DE49349BE08CF148FD687F022C0FF BaseClass: NativeClass:/Script/Engine.StaticMeshActor Name:StaticMeshActor_UAID_507B9DF5431BA16801_1413263326 Label:SM_Pine_Tree_5 SpatiallyLoaded:1 Bounds:IsValid=true, Min=(X=720.548 Y=1787.590 Z=-2.160), Max=(X=874.861 Y=1948.446 Z=273.709) RuntimeGrid:None EditorOnly:0 RuntimeOnly:0 HLODRelevant:1 FolderPath:Trees FolderGuid:EE06DF15413A56EB96F70AA625BB4333
 |   |   |- [+] [ 10]
 |   |   |   |- Guid:AD5A2D29495765E7BD5BC19DB54CBAF0 BaseClass: NativeClass:/Script/Engine.StaticMeshActor Name:StaticMeshActor_UAID_507B9DF5431BA16801_1413260325 Label:SM_Pine_Tree_4 SpatiallyLoaded:1 Bounds:IsValid=true, Min=(X=416.346 Y=1854.949 Z=-1.629), Max=(X=611.395 Y=2071.658 Z=344.933) RuntimeGrid:None EditorOnly:0 RuntimeOnly:0 HLODRelevant:1 FolderPath:Trees FolderGuid:EE06DF15413A56EB96F70AA625BB4333
 |   |   |- [+] [ 11]
 |   |   |   |- Guid:F9EAC68444314F10F45E10B0762CDC39 BaseClass: NativeClass:/Script/Engine.StaticMeshActor Name:StaticMeshActor_UAID_507B9DF5431BA46801_1408085848 Label:S_Huge_Sandstone_Cliff_vmjecjd_lod5_Var1 SpatiallyLoaded:1 Bounds:IsValid=true, Min=(X=765.733 Y=2754.456 Z=-348.703), Max=(X=2270.213 Y=3756.261 Z=890.460) RuntimeGrid:None EditorOnly:0 RuntimeOnly:0 HLODRelevant:1
 |   |   |- [+] [ 12]
 |   |   |   |- Guid:DCF381244258C3B9FC09699C012A93BB BaseClass: NativeClass:/Script/Engine.StaticMeshActor Name:StaticMeshActor_UAID_507B9DF5431B666701_1889906879 Label:Chopped_Wood_Collider SpatiallyLoaded:1 Bounds:IsValid=true, Min=(X=1706.452 Y=1317.995 Z=-7.177), Max=(X=1889.620 Y=1477.835 Z=91.325) RuntimeGrid:None EditorOnly:0 RuntimeOnly:0 HLODRelevant:0 Parent:141426E74CCBA5258A2D93BC98CC64FC
 |   |   |   |- Guid:141426E74CCBA5258A2D93BC98CC64FC BaseClass: NativeClass:/Script/Engine.StaticMeshActor Name:StaticMeshActor_UAID_507B9DF5431B786601_1987820991 Label:Chopped_Wood_Vis SpatiallyLoaded:1 Bounds:IsValid=true, Min=(X=1666.183 Y=1286.104 Z=-8.223), Max=(X=1920.584 Y=1508.104 Z=104.643) RuntimeGrid:None EditorOnly:0 RuntimeOnly:0 HLODRelevant:1
 |   |   |- [+] [ 13]
 |   |   |   |- Guid:A8CFEAEA4C5AA4DB680FDFB5D7291CBE BaseClass:/Game/CameraPawn.CameraPawn_C NativeClass:/Script/Engine.Pawn Name:CameraPawn_C_UAID_507B9DF5431B796601_1768637168 Label:CameraPawn SpatiallyLoaded:1 Bounds:IsValid=true, Min=(X=860.000 Y=1820.000 Z=800.000), Max=(X=860.000 Y=1820.000 Z=800.000) RuntimeGrid:None EditorOnly:0 RuntimeOnly:0 HLODRelevant:0
 |   |   |- [+] [ 14]
 |   |   |   |- Guid:6252C7D64ACF162A73EE65B11FE214D1 BaseClass: NativeClass:/Script/Engine.SkyAtmosphere Name:SkyAtmosphere_1 Label:SkyAtmosphere SpatiallyLoaded:0 Bounds:IsValid=true, Min=(X=0.000 Y=0.000 Z=1020.000), Max=(X=0.000 Y=0.000 Z=1020.000) RuntimeGrid:None EditorOnly:0 RuntimeOnly:0 HLODRelevant:0 FolderPath:Lighting FolderGuid:4C9334684BA61B42C769F799D2576455
 |   |   |- [+] [ 15]
 |   |   |   |- Guid:D24D61B944EF71BE7BC469B7EB239299 BaseClass: NativeClass:/Script/Engine.ExponentialHeightFog Name:ExponentialHeightFog_1 Label:ExponentialHeightFog SpatiallyLoaded:0 Bounds:IsValid=true, Min=(X=-5600.000 Y=-50.000 Z=-6850.000), Max=(X=-5600.000 Y=-50.000 Z=-6850.000) RuntimeGrid:None EditorOnly:0 RuntimeOnly:0 HLODRelevant:0 FolderPath:Lighting FolderGuid:4C9334684BA61B42C769F799D2576455
 |   |   |- [+] [ 16]
 |   |   |   |- Guid:67F0B8FE43BF157FA0A21180BC23CFED BaseClass: NativeClass:/Script/Engine.StaticMeshActor Name:StaticMeshActor_UAID_507B9DF5431BA16801_1345058323 Label:SM_Pine_Tree_3 SpatiallyLoaded:1 Bounds:IsValid=true, Min=(X=580.548 Y=1517.590 Z=-2.160), Max=(X=734.861 Y=1678.446 Z=273.709) RuntimeGrid:None EditorOnly:0 RuntimeOnly:0 HLODRelevant:1 FolderPath:Trees FolderGuid:EE06DF15413A56EB96F70AA625BB4333
 |   |   |- [+] [ 17]
 |   |   |   |- Guid:77F893B3468595EE782136AD620D7EF4 BaseClass: NativeClass:/Script/Engine.VolumetricCloud Name:VolumetricCloud_0 Label:VolumetricCloud SpatiallyLoaded:0 Bounds:IsValid=true, Min=(X=0.000 Y=0.000 Z=820.000), Max=(X=0.000 Y=0.000 Z=820.000) RuntimeGrid:None EditorOnly:0 RuntimeOnly:0 HLODRelevant:0 FolderPath:Lighting FolderGuid:4C9334684BA61B42C769F799D2576455
 |   |   |- [+] [ 18]
 |   |   |   |- Guid:A16801A34888C3B1D1DE009981D65D9B BaseClass:/Game/Units/Unit_style_1.Unit_style_1_C NativeClass:/Script/Engine.Character Name:Unit_style_1_C_UAID_507B9DF5431BCD6601_1116198952 Label:Unit_style_4 SpatiallyLoaded:1 Bounds:IsValid=true, Min=(X=830.000 Y=1328.429 Z=0.000), Max=(X=871.373 Y=1370.006 Z=121.159) RuntimeGrid:None EditorOnly:0 RuntimeOnly:0 HLODRelevant:0 FolderPath:PlayerUnits FolderGuid:DA2D831249590C3E5F1932BA1F7B549B
 |   |   |- [+] [ 19]
 |   |   |   |- Guid:F33CC5014C49925B3A9D52A063AF483F BaseClass: NativeClass:/Script/Engine.PlayerStart Name:PlayerStart_0 Label:PlayerStart SpatiallyLoaded:0 Bounds:IsValid=true, Min=(X=960.000 Y=1770.000 Z=0.013), Max=(X=1040.000 Y=1850.000 Z=184.013) RuntimeGrid:None EditorOnly:0 RuntimeOnly:0 HLODRelevant:0
 |   |   |- [+] [ 20]
 |   |   |   |- Guid:147C8D134B12D635012D5F8C57D2C96F BaseClass: NativeClass:/Script/Engine.PostProcessVolume Name:PostProcessVolume_1 Label:PostProcessVolume SpatiallyLoaded:0 Bounds:IsValid=true, Min=(X=0.000 Y=0.000 Z=400.000), Max=(X=200.000 Y=200.000 Z=600.000) RuntimeGrid:None EditorOnly:0 RuntimeOnly:0 HLODRelevant:0 FolderPath:Lighting FolderGuid:4C9334684BA61B42C769F799D2576455
 |   |   |- [+] [ 21]
 |   |   |   |- Guid:B7417428406379DA90A1049C0D3C0443 BaseClass: NativeClass:/Script/Engine.StaticMeshActor Name:StaticMeshActor_UAID_507B9DF5431BA16801_1437319328 Label:SM_Pine_Tree_7 SpatiallyLoaded:1 Bounds:IsValid=true, Min=(X=651.113 Y=1717.738 Z=-2.587), Max=(X=848.248 Y=1923.231 Z=207.676) RuntimeGrid:None EditorOnly:0 RuntimeOnly:0 HLODRelevant:1 FolderPath:Trees FolderGuid:EE06DF15413A56EB96F70AA625BB4333
 |   |   |- [+] [ 22]
 |   |   |   |- Guid:76B123F54B3CED0AD745868CE9211EA0 BaseClass: NativeClass:/Script/Engine.StaticMeshActor Name:StaticMeshActor_UAID_507B9DF5431BA16801_1576456333 Label:SM_Common_Tree_2 SpatiallyLoaded:1 Bounds:IsValid=true, Min=(X=519.107 Y=1527.048 Z=-6.922), Max=(X=859.531 Y=1849.698 Z=234.895) RuntimeGrid:None EditorOnly:0 RuntimeOnly:0 HLODRelevant:1 FolderPath:Trees FolderGuid:EE06DF15413A56EB96F70AA625BB4333
 |   |   |- [+] [ 23]
 |   |   |   |- Guid:455CAA2E4D0338E815851890A1B5B180 BaseClass: NativeClass:/Script/Engine.StaticMeshActor Name:StaticMeshActor_UAID_507B9DF5431BA16801_1413265327 Label:SM_Pine_Tree_6 SpatiallyLoaded:1 Bounds:IsValid=true, Min=(X=480.127 Y=1668.379 Z=-3.220), Max=(X=637.807 Y=1819.180 Z=336.456) RuntimeGrid:None EditorOnly:0 RuntimeOnly:0 HLODRelevant:1 FolderPath:Trees FolderGuid:EE06DF15413A56EB96F70AA625BB4333
 |   |   |- [+] [ 24]
 |   |   |   |- Guid:6398734044B4E6341564518629707440 BaseClass: NativeClass:/Script/Engine.StaticMeshActor Name:StaticMeshActor_UAID_507B9DF5431BA46801_1118698847 Label:S_Mossy_Rock_Formation_wjwqfcy_lod5_Var1 SpatiallyLoaded:1 Bounds:IsValid=true, Min=(X=-712.316 Y=-408.317 Z=-4.768), Max=(X=1102.626 Y=946.097 Z=518.538) RuntimeGrid:None EditorOnly:0 RuntimeOnly:0 HLODRelevant:1 FolderPath:Trees FolderGuid:EE06DF15413A56EB96F70AA625BB4333
 |   |   |- [+] [ 25]
 |   |   |   |- Guid:B859404040B56B4D8F43C8B374736B04 BaseClass: NativeClass:/Script/Engine.StaticMeshActor Name:StaticMeshActor_UAID_507B9DF5431BA16801_1610015334 Label:SM_Pine_Tree_8 SpatiallyLoaded:1 Bounds:IsValid=true, Min=(X=780.548 Y=1877.590 Z=-2.160), Max=(X=934.861 Y=2038.446 Z=273.709) RuntimeGrid:None EditorOnly:0 RuntimeOnly:0 HLODRelevant:1 FolderPath:Trees FolderGuid:EE06DF15413A56EB96F70AA625BB4333
 |   |   |- [+] [ 26]
 |   |   |   |- Guid:AECEEEE741E6DE68F6843FA49564A956 BaseClass: NativeClass:/Script/Engine.DirectionalLight Name:DirectionalLight_1 Label:DirectionalLight SpatiallyLoaded:0 Bounds:IsValid=true, Min=(X=-1048576.000 Y=-1048576.000 Z=-1048576.000), Max=(X=1048576.000 Y=1048576.000 Z=1048576.000) RuntimeGrid:None EditorOnly:0 RuntimeOnly:0 HLODRelevant:0 FolderPath:Lighting FolderGuid:4C9334684BA61B42C769F799D2576455
 |   |   |- [+] [ 27]
 |   |   |   |- Guid:2DF0D95440BE0EDA81652F860DC7268E BaseClass: NativeClass:/Script/Engine.WorldDataLayers Name:WorldDataLayers Label:WorldDataLayers SpatiallyLoaded:0 Bounds:IsValid=true, Min=(X=0.000 Y=0.000 Z=0.000), Max=(X=0.000 Y=0.000 Z=0.000) RuntimeGrid:None EditorOnly:0 RuntimeOnly:0 HLODRelevant:0
 |   |   |- [+] [ 28]
 |   |   |   |- Guid:185DED974BA441C950492BA95E174FD9 BaseClass:/Game/Units/Unit_style_2.Unit_style_2_C NativeClass:/Script/Engine.Character Name:Unit_style_2_C_UAID_507B9DF5431BCD6601_1123594954 Label:Unit_style_6 SpatiallyLoaded:1 Bounds:IsValid=true, Min=(X=760.000 Y=1160.000 Z=0.000), Max=(X=804.800 Y=1200.000 Z=123.019) RuntimeGrid:None EditorOnly:0 RuntimeOnly:0 HLODRelevant:0 FolderPath:PlayerUnits FolderGuid:DA2D831249590C3E5F1932BA1F7B549B
 |   |   |- [+] [ 29]
 |   |   |   |- Guid:66BCBF874D2A22ADC6523B95EE812CA3 BaseClass: NativeClass:/Script/Engine.StaticMeshActor Name:StaticMeshActor_UAID_A4AE111137DC5CFB00_1660657071 Label:SM_SkySphere SpatiallyLoaded:0 Bounds:IsValid=true, Min=(X=-1638400.000 Y=-1638400.000 Z=-1638400.000), Max=(X=1638400.000 Y=1638400.000 Z=1638400.000) RuntimeGrid:None EditorOnly:0 RuntimeOnly:0 HLODRelevant:1 FolderPath:Lighting FolderGuid:4C9334684BA61B42C769F799D2576455
 |   |   |- [+] [ 30]
 |   |   |   |- Guid:FF2C9DA64BBF282E8594BBB0769397D8 BaseClass: NativeClass:/Script/Engine.StaticMeshActor Name:StaticMeshActor_UAID_507B9DF5431BA16801_1391324324 Label:SM_Pine_Tree_2 SpatiallyLoaded:1 Bounds:IsValid=true, Min=(X=570.127 Y=2008.379 Z=-3.220), Max=(X=727.807 Y=2159.180 Z=336.456) RuntimeGrid:None EditorOnly:0 RuntimeOnly:0 HLODRelevant:1 FolderPath:Trees FolderGuid:EE06DF15413A56EB96F70AA625BB4333
 |   |   |- [+] [ 31]
 |   |   |   |- Guid:DFC7D6BB4F1E3AF9A658E887A9382A4E BaseClass: NativeClass:/Script/Engine.StaticMeshActor Name:StaticMeshActor_UAID_507B9DF5431BA16801_1454874329 Label:SM_Common_Tree_01 SpatiallyLoaded:1 Bounds:IsValid=true, Min=(X=448.558 Y=1771.898 Z=-6.922), Max=(X=755.988 Y=1935.124 Z=234.895) RuntimeGrid:None EditorOnly:0 RuntimeOnly:0 HLODRelevant:1 FolderPath:Trees FolderGuid:EE06DF15413A56EB96F70AA625BB4333
 |   |   |- [+] [ 32]
 |   |   |   |- Guid:1742DF43475F097453197AA79C7473D9 BaseClass: NativeClass:/Script/Engine.SkyLight Name:SkyLight_1 Label:SkyLight SpatiallyLoaded:0 Bounds:IsValid=true, Min=(X=0.000 Y=0.000 Z=690.000), Max=(X=0.000 Y=0.000 Z=690.000) RuntimeGrid:None EditorOnly:0 RuntimeOnly:0 HLODRelevant:0 FolderPath:Lighting FolderGuid:4C9334684BA61B42C769F799D2576455
 |   |   |- [+] [ 33]
 |   |   |   |- Guid:E5ED92054ECCB28B39A1F49B96B81D73 BaseClass: NativeClass:/Script/Engine.StaticMeshActor Name:StaticMeshActor_UAID_507B9DF5431BA56801_2017525023 Label:Cube SpatiallyLoaded:1 Bounds:IsValid=true, Min=(X=105.976 Y=166.769 Z=-248.266), Max=(X=3234.024 Y=4233.231 Z=0.000) RuntimeGrid:None EditorOnly:0 RuntimeOnly:0 HLODRelevant:1
 |- ContainerInstances:
 |- [+] MainContainer:
 |   |-        ID: 0x0000000000000000
 |   |-    Bounds: IsValid=false, Min=(X=0.000 Y=0.000 Z=0.000), Max=(X=0.000 Y=0.000 Z=0.000)
 |   |- Transform: 0.000000,0.000000,0.000000|0.000000,0.000000,-0.000000|1.000000,1.000000,1.000000
 |   |- Container: /Game/TopDown/Maps/TopDownMap
----------------------------------------------------------------------------------------------------------------
TopDownMap - Persistent Level
----------------------------------------------------------------------------------------------------------------
Always loaded Actor Count: 44 

----------------------------------------------------------------------------------------------------------------
TopDownMap - Runtime Spatial Hash - Streaming Grid - MainGrid
----------------------------------------------------------------------------------------------------------------
            Origin: X=0.000 Y=0.000 Z=0.000
         Cell Size: 12800
      World Bounds: IsValid=false, Min=(X=0.000 Y=0.000 Z=0.000), Max=(X=0.000 Y=0.000 Z=0.000)
     Loading Range: 25600.00
Block Slow Loading: No
 ClientOnlyVisible: No

[+] Grid Levels: 1
 |- Level  0: Cell Count    0 | Cell Size   12800 | Actor Count    0 (0.0%)

[+] Content of Grid Level 0

