[+] Containers:
 |- [+] Container: /Game/TopDown/Maps/TopDownMap
 |   |- [+] ActorDescs:
 |   |   |- Guid:02182D00481664B6B7E34AA67C91C27F BaseClass: NativeClass:/Script/Engine.StaticMeshActor Name:StaticMeshActor_UAID_507B9DF5431BAD6801_1129017482 Label:S_Tundra_Rocky_Ground_vjdraaqmw_lod5_Var2 SpatiallyLoaded:1 Bounds:IsValid=true, Min=(X=3116.859 Y=-5578.415 Z=-21.956), Max=(X=5797.954 Y=-3514.237 Z=351.264) RuntimeGrid:None EditorOnly:0 RuntimeOnly:0 HLODRelevant:1
 |   |   |- Guid:147C8D134B12D635012D5F8C57D2C96F BaseClass: NativeClass:/Script/Engine.PostProcessVolume Name:PostProcessVolume_1 Label:PostProcessVolume SpatiallyLoaded:0 Bounds:IsValid=true, Min=(X=0.000 Y=0.000 Z=400.000), Max=(X=200.000 Y=200.000 Z=600.000) RuntimeGrid:None EditorOnly:0 RuntimeOnly:0 HLODRelevant:0 FolderPath:Lighting FolderGuid:4C9334684BA61B42C769F799D2576455
 |   |   |- Guid:1742DF43475F097453197AA79C7473D9 BaseClass: NativeClass:/Script/Engine.SkyLight Name:SkyLight_1 Label:SkyLight SpatiallyLoaded:0 Bounds:IsValid=true, Min=(X=0.000 Y=0.000 Z=690.000), Max=(X=0.000 Y=0.000 Z=690.000) RuntimeGrid:None EditorOnly:0 RuntimeOnly:0 HLODRelevant:0 FolderPath:Lighting FolderGuid:4C9334684BA61B42C769F799D2576455
 |   |   |- Guid:185DED974BA441C950492BA95E174FD9 BaseClass:/Game/Units/Unit_style_2.Unit_style_2_C NativeClass:/Script/Engine.Character Name:Unit_style_2_C_UAID_507B9DF5431BCD6601_1123594954 Label:Unit_style_6 SpatiallyLoaded:1 Bounds:IsValid=true, Min=(X=-177.000 Y=-3127.000 Z=-3.000), Max=(X=-109.800 Y=-3067.000 Z=181.529) RuntimeGrid:None EditorOnly:0 RuntimeOnly:0 HLODRelevant:0 FolderPath:PlayerUnits FolderGuid:DA2D831249590C3E5F1932BA1F7B549B
 |   |   |- Guid:26F7E6214F4A88FD6F9EAABF4818A891 BaseClass: NativeClass:/Script/Foliage.InstancedFoliageActor Name:InstancedFoliageActor_25600_0_-1_0 Label:InstancedFoliageActor_0_-1_0 SpatiallyLoaded:1 Bounds:IsValid=true, Min=(X=0.000 Y=-25600.000 Z=0.000), Max=(X=25600.000 Y=0.000 Z=25600.000) RuntimeGrid:None EditorOnly:0 RuntimeOnly:0 HLODRelevant:1
 |   |   |- Guid:2DF0D95440BE0EDA81652F860DC7268E BaseClass: NativeClass:/Script/Engine.WorldDataLayers Name:WorldDataLayers Label:WorldDataLayers SpatiallyLoaded:0 Bounds:IsValid=true, Min=(X=0.000 Y=0.000 Z=0.000), Max=(X=0.000 Y=0.000 Z=0.000) RuntimeGrid:None EditorOnly:0 RuntimeOnly:0 HLODRelevant:0
 |   |   |- Guid:3343C677443DA91C6D65F5BA21878703 BaseClass: NativeClass:/Script/Engine.StaticMeshActor Name:StaticMeshActor_UAID_507B9DF5431BA96801_1986778728 Label:Map_Terrain SpatiallyLoaded:1 Bounds:IsValid=true, Min=(X=-3312.072 Y=-5089.694 Z=-740.797), Max=(X=6072.073 Y=7109.694 Z=4.000) RuntimeGrid:None EditorOnly:0 RuntimeOnly:0 HLODRelevant:1
 |   |   |- Guid:6252C7D64ACF162A73EE65B11FE214D1 BaseClass: NativeClass:/Script/Engine.SkyAtmosphere Name:SkyAtmosphere_1 Label:SkyAtmosphere SpatiallyLoaded:0 Bounds:IsValid=true, Min=(X=0.000 Y=0.000 Z=1020.000), Max=(X=0.000 Y=0.000 Z=1020.000) RuntimeGrid:None EditorOnly:0 RuntimeOnly:0 HLODRelevant:0 FolderPath:Lighting FolderGuid:4C9334684BA61B42C769F799D2576455
 |   |   |- Guid:667DEE2545A4644F4A58878D5E66FE10 BaseClass:/Game/Units/Unit_style_2.Unit_style_2_C NativeClass:/Script/Engine.Character Name:Unit_style_2_C_UAID_507B9DF5431BCD6601_1119613953 Label:Unit_style_5 SpatiallyLoaded:1 Bounds:IsValid=true, Min=(X=-37.000 Y=-2767.000 Z=-3.000), Max=(X=30.200 Y=-2707.000 Z=181.529) RuntimeGrid:None EditorOnly:0 RuntimeOnly:0 HLODRelevant:0 FolderPath:PlayerUnits FolderGuid:DA2D831249590C3E5F1932BA1F7B549B
 |   |   |- Guid:66BCBF874D2A22ADC6523B95EE812CA3 BaseClass: NativeClass:/Script/Engine.StaticMeshActor Name:StaticMeshActor_UAID_A4AE111137DC5CFB00_1660657071 Label:SM_SkySphere SpatiallyLoaded:0 Bounds:IsValid=true, Min=(X=-1638400.000 Y=-1638400.000 Z=-1638400.000), Max=(X=1638400.000 Y=1638400.000 Z=1638400.000) RuntimeGrid:None EditorOnly:0 RuntimeOnly:0 HLODRelevant:1 FolderPath:Lighting FolderGuid:4C9334684BA61B42C769F799D2576455
 |   |   |- Guid:7100435B4CFFC188536B64847AD2D05F BaseClass: NativeClass:/Script/Engine.StaticMeshActor Name:StaticMeshActor_UAID_507B9DF5431BAB6801_1399443083 Label:S_Huge_Sandstone_Cliff_vmobfiw_lod5_Var2 SpatiallyLoaded:1 Bounds:IsValid=true, Min=(X=2132.894 Y=-4655.993 Z=-16.839), Max=(X=4472.272 Y=-2817.574 Z=717.356) RuntimeGrid:None EditorOnly:0 RuntimeOnly:0 HLODRelevant:1
 |   |   |- Guid:77F893B3468595EE782136AD620D7EF4 BaseClass: NativeClass:/Script/Engine.VolumetricCloud Name:VolumetricCloud_0 Label:VolumetricCloud SpatiallyLoaded:0 Bounds:IsValid=true, Min=(X=0.000 Y=0.000 Z=820.000), Max=(X=0.000 Y=0.000 Z=820.000) RuntimeGrid:None EditorOnly:0 RuntimeOnly:0 HLODRelevant:0 FolderPath:Lighting FolderGuid:4C9334684BA61B42C769F799D2576455
 |   |   |- Guid:7D1D3A994B15BC26D0E9B8AB7FB0D28B BaseClass: NativeClass:/Script/Foliage.InstancedFoliageActor Name:InstancedFoliageActor_25600_0_0_0 Label:InstancedFoliageActor_0_0_0 SpatiallyLoaded:1 Bounds:IsValid=true, Min=(X=0.000 Y=0.000 Z=0.000), Max=(X=25600.000 Y=25600.000 Z=25600.000) RuntimeGrid:None EditorOnly:0 RuntimeOnly:0 HLODRelevant:1
 |   |   |- Guid:8FC798AB4B2E3B37FF0B9CA8BC0F43E6 BaseClass: NativeClass:/Script/Engine.StaticMeshActor Name:StaticMeshActor_UAID_507B9DF5431BAD6801_1202789483 Label:S_Mossy_Rock_Formation_wjwqfcy_lod5_Var1 SpatiallyLoaded:1 Bounds:IsValid=true, Min=(X=-4439.541 Y=-5604.860 Z=-283.406), Max=(X=-113.355 Y=-1385.918 Z=1462.167) RuntimeGrid:None EditorOnly:0 RuntimeOnly:0 HLODRelevant:1
 |   |   |- Guid:9D9012704C6A5AD225D1B298819AF958 BaseClass: NativeClass:/Script/Engine.StaticMeshActor Name:StaticMeshActor_UAID_507B9DF5431BAB6801_1567286086 Label:S_Huge_Sandstone_Cliff_vmjecjd_lod5_Var3 SpatiallyLoaded:1 Bounds:IsValid=true, Min=(X=4100.024 Y=-4049.722 Z=-154.703), Max=(X=5529.285 Y=-2724.126 Z=1084.460) RuntimeGrid:None EditorOnly:0 RuntimeOnly:0 HLODRelevant:1
 |   |   |- Guid:A16801A34888C3B1D1DE009981D65D9B BaseClass:/Game/Units/Unit_style_1.Unit_style_1_C NativeClass:/Script/Engine.Character Name:Unit_style_1_C_UAID_507B9DF5431BCD6601_1116198952 Label:Unit_style_4 SpatiallyLoaded:1 Bounds:IsValid=true, Min=(X=-107.000 Y=-2959.357 Z=-3.000), Max=(X=-44.941 Y=-2896.991 Z=178.739) RuntimeGrid:None EditorOnly:0 RuntimeOnly:0 HLODRelevant:0 FolderPath:PlayerUnits FolderGuid:DA2D831249590C3E5F1932BA1F7B549B
 |   |   |- Guid:A8CFEAEA4C5AA4DB680FDFB5D7291CBE BaseClass:/Game/CameraPawn.CameraPawn_C NativeClass:/Script/Engine.Pawn Name:CameraPawn_C_UAID_507B9DF5431B796601_1768637168 Label:CameraPawn SpatiallyLoaded:1 Bounds:IsValid=true, Min=(X=-432.000 Y=-2888.000 Z=1261.000), Max=(X=-432.000 Y=-2888.000 Z=1261.000) RuntimeGrid:None EditorOnly:0 RuntimeOnly:0 HLODRelevant:0
 |   |   |- Guid:AECEEEE741E6DE68F6843FA49564A956 BaseClass: NativeClass:/Script/Engine.DirectionalLight Name:DirectionalLight_1 Label:DirectionalLight SpatiallyLoaded:0 Bounds:IsValid=true, Min=(X=-4398046511104.000 Y=-4398046511104.000 Z=-4398046511104.000), Max=(X=4398046511104.000 Y=4398046511104.000 Z=4398046511104.000) RuntimeGrid:None EditorOnly:0 RuntimeOnly:0 HLODRelevant:0 FolderPath:Lighting FolderGuid:4C9334684BA61B42C769F799D2576455
 |   |   |- Guid:B40DDA154BE8B3D3E4D70F859D9B18F5 BaseClass: NativeClass:/Script/Foliage.InstancedFoliageActor Name:InstancedFoliageActor_25600_-1_0_0 Label:InstancedFoliageActor_-1_0_0 SpatiallyLoaded:1 Bounds:IsValid=true, Min=(X=-25600.000 Y=0.000 Z=0.000), Max=(X=0.000 Y=25600.000 Z=25600.000) RuntimeGrid:None EditorOnly:0 RuntimeOnly:0 HLODRelevant:1
 |   |   |- Guid:BBEDD83E4FAA3A4AD5BEC1BF88FF1FB6 BaseClass: NativeClass:/Script/Engine.StaticMeshActor Name:StaticMeshActor_UAID_507B9DF5431BA96801_1986741727 Label:Map_Buildings SpatiallyLoaded:1 Bounds:IsValid=true, Min=(X=-649.412 Y=-3599.091 Z=4.000), Max=(X=5527.059 Y=6505.455 Z=673.449) RuntimeGrid:None EditorOnly:0 RuntimeOnly:0 HLODRelevant:1
 |   |   |- Guid:C3B7C7AA4F566F7522BD46BFEA4C8D6E BaseClass:/Game/Units/Unit_style_1.Unit_style_1_C NativeClass:/Script/Engine.Character Name:Unit_style_1_C_UAID_507B9DF5431B9A6601_1793259979 Label:Unit_style_1 SpatiallyLoaded:1 Bounds:IsValid=true, Min=(X=494.643 Y=-1044.059 Z=-2.000), Max=(X=557.009 Y=-982.000 Z=179.739) RuntimeGrid:None EditorOnly:0 RuntimeOnly:0 HLODRelevant:0 FolderPath:Units FolderGuid:43B9F9804C745AFF23E509B2A35C148D
 |   |   |- Guid:CCDD89584E0A9025F52AEDA51D60CA54 BaseClass: NativeClass:/Script/NavigationSystem.NavMeshBoundsVolume Name:NavMeshBoundsVolume_1 Label:NavMeshBoundsVolume SpatiallyLoaded:0 Bounds:IsValid=true, Min=(X=-2800.916 Y=-4068.717 Z=-379.504), Max=(X=5220.916 Y=6230.717 Z=179.504) RuntimeGrid:None EditorOnly:0 RuntimeOnly:0 HLODRelevant:0 FolderPath:Navigation FolderGuid:AE45D61F453CC144CF8289862C276E89
 |   |   |- Guid:D24D61B944EF71BE7BC469B7EB239299 BaseClass: NativeClass:/Script/Engine.ExponentialHeightFog Name:ExponentialHeightFog_1 Label:ExponentialHeightFog SpatiallyLoaded:0 Bounds:IsValid=true, Min=(X=-5600.000 Y=-50.000 Z=-6850.000), Max=(X=-5600.000 Y=-50.000 Z=-6850.000) RuntimeGrid:None EditorOnly:0 RuntimeOnly:0 HLODRelevant:0 FolderPath:Lighting FolderGuid:4C9334684BA61B42C769F799D2576455
 |   |   |- Guid:DCF381244258C3B9FC09699C012A93BB BaseClass: NativeClass:/Script/Engine.StaticMeshActor Name:StaticMeshActor_UAID_507B9DF5431B666701_1889906879 Label:Chopped_Wood_Collider SpatiallyLoaded:1 Bounds:IsValid=true, Min=(X=1706.452 Y=1037.995 Z=-7.177), Max=(X=1889.620 Y=1197.835 Z=91.325) RuntimeGrid:None EditorOnly:0 RuntimeOnly:0 HLODRelevant:0
 |   |   |- Guid:EC030E9342EEE29177965F896D0D3DDF BaseClass:/Game/Units/Unit_style_2.Unit_style_2_C NativeClass:/Script/Engine.Character Name:Unit_style_2_C_UAID_507B9DF5431B9A6601_1795813980 Label:Unit_style_2 SpatiallyLoaded:1 Bounds:IsValid=true, Min=(X=805.000 Y=-1023.200 Z=-2.000), Max=(X=865.000 Y=-956.000 Z=182.529) RuntimeGrid:None EditorOnly:0 RuntimeOnly:0 HLODRelevant:0 FolderPath:Units FolderGuid:43B9F9804C745AFF23E509B2A35C148D
 |   |   |- Guid:F33CC5014C49925B3A9D52A063AF483F BaseClass: NativeClass:/Script/Engine.PlayerStart Name:PlayerStart_0 Label:PlayerStart SpatiallyLoaded:0 Bounds:IsValid=true, Min=(X=960.000 Y=1770.000 Z=0.013), Max=(X=1040.000 Y=1850.000 Z=184.013) RuntimeGrid:None EditorOnly:0 RuntimeOnly:0 HLODRelevant:0
 |   |   |- Guid:F69052ED4E5E4946F3D0B9A2B40A7B49 BaseClass: NativeClass:/Script/Engine.StaticMeshActor Name:StaticMeshActor_UAID_507B9DF5431BAB6801_1528297085 Label:S_Huge_Sandstone_Cliff_vmjecjd_lod5_Var2 SpatiallyLoaded:1 Bounds:IsValid=true, Min=(X=1699.162 Y=-5414.080 Z=-156.908), Max=(X=3267.536 Y=-4085.906 Z=1194.831) RuntimeGrid:None EditorOnly:0 RuntimeOnly:0 HLODRelevant:1
 |   |   |- Guid:F8753D104F273105A6F4319B7DD08BE9 BaseClass: NativeClass:/Script/Foliage.InstancedFoliageActor Name:InstancedFoliageActor_25600_-1_-1_0 Label:InstancedFoliageActor_-1_-1_0 SpatiallyLoaded:1 Bounds:IsValid=true, Min=(X=-25600.000 Y=-25600.000 Z=0.000), Max=(X=0.000 Y=0.000 Z=25600.000) RuntimeGrid:None EditorOnly:0 RuntimeOnly:0 HLODRelevant:1
 |   |   |- Guid:F8B388234B9DB6C493CC86B84855E91C BaseClass:/Game/Units/Unit_style_1.Unit_style_1_C NativeClass:/Script/Engine.Character Name:Unit_style_1_C_UAID_507B9DF5431BCD6601_1112504951 Label:Unit_style_3 SpatiallyLoaded:1 Bounds:IsValid=true, Min=(X=-17.000 Y=-3099.357 Z=-3.000), Max=(X=45.059 Y=-3036.991 Z=178.739) RuntimeGrid:None EditorOnly:0 RuntimeOnly:0 HLODRelevant:0 FolderPath:PlayerUnits FolderGuid:DA2D831249590C3E5F1932BA1F7B549B
 |   |   |- Guid:F9EAC68444314F10F45E10B0762CDC39 BaseClass: NativeClass:/Script/Engine.StaticMeshActor Name:StaticMeshActor_UAID_507B9DF5431BA46801_1408085848 Label:S_Huge_Sandstone_Cliff_vmjecjd_lod5_Var1 SpatiallyLoaded:1 Bounds:IsValid=true, Min=(X=1383.200 Y=5542.180 Z=-708.054), Max=(X=3583.726 Y=6688.979 Z=1150.691) RuntimeGrid:None EditorOnly:0 RuntimeOnly:0 HLODRelevant:1
 |   |   |- Guid:FBD67EF146C7B0900694B485F3873EF0 BaseClass: NativeClass:/Script/Engine.StaticMeshActor Name:StaticMeshActor_UAID_507B9DF5431BAB6801_1281004080 Label:S_Tundra_Rocky_Ground_vjdraaqmw_lod5_Var1 SpatiallyLoaded:1 Bounds:IsValid=true, Min=(X=257.859 Y=-5407.415 Z=-21.956), Max=(X=2938.954 Y=-3343.237 Z=351.264) RuntimeGrid:None EditorOnly:0 RuntimeOnly:0 HLODRelevant:1
 |   |- [+] Clusters:
 |   |   |- [+] [  0]
 |   |   |   |- Guid:C3B7C7AA4F566F7522BD46BFEA4C8D6E BaseClass:/Game/Units/Unit_style_1.Unit_style_1_C NativeClass:/Script/Engine.Character Name:Unit_style_1_C_UAID_507B9DF5431B9A6601_1793259979 Label:Unit_style_1 SpatiallyLoaded:1 Bounds:IsValid=true, Min=(X=494.643 Y=-1044.059 Z=-2.000), Max=(X=557.009 Y=-982.000 Z=179.739) RuntimeGrid:None EditorOnly:0 RuntimeOnly:0 HLODRelevant:0 FolderPath:Units FolderGuid:43B9F9804C745AFF23E509B2A35C148D
 |   |   |- [+] [  1]
 |   |   |   |- Guid:CCDD89584E0A9025F52AEDA51D60CA54 BaseClass: NativeClass:/Script/NavigationSystem.NavMeshBoundsVolume Name:NavMeshBoundsVolume_1 Label:NavMeshBoundsVolume SpatiallyLoaded:0 Bounds:IsValid=true, Min=(X=-2800.916 Y=-4068.717 Z=-379.504), Max=(X=5220.916 Y=6230.717 Z=179.504) RuntimeGrid:None EditorOnly:0 RuntimeOnly:0 HLODRelevant:0 FolderPath:Navigation FolderGuid:AE45D61F453CC144CF8289862C276E89
 |   |   |- [+] [  2]
 |   |   |   |- Guid:F8B388234B9DB6C493CC86B84855E91C BaseClass:/Game/Units/Unit_style_1.Unit_style_1_C NativeClass:/Script/Engine.Character Name:Unit_style_1_C_UAID_507B9DF5431BCD6601_1112504951 Label:Unit_style_3 SpatiallyLoaded:1 Bounds:IsValid=true, Min=(X=-17.000 Y=-3099.357 Z=-3.000), Max=(X=45.059 Y=-3036.991 Z=178.739) RuntimeGrid:None EditorOnly:0 RuntimeOnly:0 HLODRelevant:0 FolderPath:PlayerUnits FolderGuid:DA2D831249590C3E5F1932BA1F7B549B
 |   |   |- [+] [  3]
 |   |   |   |- Guid:667DEE2545A4644F4A58878D5E66FE10 BaseClass:/Game/Units/Unit_style_2.Unit_style_2_C NativeClass:/Script/Engine.Character Name:Unit_style_2_C_UAID_507B9DF5431BCD6601_1119613953 Label:Unit_style_5 SpatiallyLoaded:1 Bounds:IsValid=true, Min=(X=-37.000 Y=-2767.000 Z=-3.000), Max=(X=30.200 Y=-2707.000 Z=181.529) RuntimeGrid:None EditorOnly:0 RuntimeOnly:0 HLODRelevant:0 FolderPath:PlayerUnits FolderGuid:DA2D831249590C3E5F1932BA1F7B549B
 |   |   |- [+] [  4]
 |   |   |   |- Guid:EC030E9342EEE29177965F896D0D3DDF BaseClass:/Game/Units/Unit_style_2.Unit_style_2_C NativeClass:/Script/Engine.Character Name:Unit_style_2_C_UAID_507B9DF5431B9A6601_1795813980 Label:Unit_style_2 SpatiallyLoaded:1 Bounds:IsValid=true, Min=(X=805.000 Y=-1023.200 Z=-2.000), Max=(X=865.000 Y=-956.000 Z=182.529) RuntimeGrid:None EditorOnly:0 RuntimeOnly:0 HLODRelevant:0 FolderPath:Units FolderGuid:43B9F9804C745AFF23E509B2A35C148D
 |   |   |- [+] [  5]
 |   |   |   |- Guid:3343C677443DA91C6D65F5BA21878703 BaseClass: NativeClass:/Script/Engine.StaticMeshActor Name:StaticMeshActor_UAID_507B9DF5431BA96801_1986778728 Label:Map_Terrain SpatiallyLoaded:1 Bounds:IsValid=true, Min=(X=-3312.072 Y=-5089.694 Z=-740.797), Max=(X=6072.073 Y=7109.694 Z=4.000) RuntimeGrid:None EditorOnly:0 RuntimeOnly:0 HLODRelevant:1
 |   |   |- [+] [  6]
 |   |   |   |- Guid:F9EAC68444314F10F45E10B0762CDC39 BaseClass: NativeClass:/Script/Engine.StaticMeshActor Name:StaticMeshActor_UAID_507B9DF5431BA46801_1408085848 Label:S_Huge_Sandstone_Cliff_vmjecjd_lod5_Var1 SpatiallyLoaded:1 Bounds:IsValid=true, Min=(X=1383.200 Y=5542.180 Z=-708.054), Max=(X=3583.726 Y=6688.979 Z=1150.691) RuntimeGrid:None EditorOnly:0 RuntimeOnly:0 HLODRelevant:1
 |   |   |- [+] [  7]
 |   |   |   |- Guid:DCF381244258C3B9FC09699C012A93BB BaseClass: NativeClass:/Script/Engine.StaticMeshActor Name:StaticMeshActor_UAID_507B9DF5431B666701_1889906879 Label:Chopped_Wood_Collider SpatiallyLoaded:1 Bounds:IsValid=true, Min=(X=1706.452 Y=1037.995 Z=-7.177), Max=(X=1889.620 Y=1197.835 Z=91.325) RuntimeGrid:None EditorOnly:0 RuntimeOnly:0 HLODRelevant:0
 |   |   |- [+] [  8]
 |   |   |   |- Guid:A8CFEAEA4C5AA4DB680FDFB5D7291CBE BaseClass:/Game/CameraPawn.CameraPawn_C NativeClass:/Script/Engine.Pawn Name:CameraPawn_C_UAID_507B9DF5431B796601_1768637168 Label:CameraPawn SpatiallyLoaded:1 Bounds:IsValid=true, Min=(X=-432.000 Y=-2888.000 Z=1261.000), Max=(X=-432.000 Y=-2888.000 Z=1261.000) RuntimeGrid:None EditorOnly:0 RuntimeOnly:0 HLODRelevant:0
 |   |   |- [+] [  9]
 |   |   |   |- Guid:6252C7D64ACF162A73EE65B11FE214D1 BaseClass: NativeClass:/Script/Engine.SkyAtmosphere Name:SkyAtmosphere_1 Label:SkyAtmosphere SpatiallyLoaded:0 Bounds:IsValid=true, Min=(X=0.000 Y=0.000 Z=1020.000), Max=(X=0.000 Y=0.000 Z=1020.000) RuntimeGrid:None EditorOnly:0 RuntimeOnly:0 HLODRelevant:0 FolderPath:Lighting FolderGuid:4C9334684BA61B42C769F799D2576455
 |   |   |- [+] [ 10]
 |   |   |   |- Guid:BBEDD83E4FAA3A4AD5BEC1BF88FF1FB6 BaseClass: NativeClass:/Script/Engine.StaticMeshActor Name:StaticMeshActor_UAID_507B9DF5431BA96801_1986741727 Label:Map_Buildings SpatiallyLoaded:1 Bounds:IsValid=true, Min=(X=-649.412 Y=-3599.091 Z=4.000), Max=(X=5527.059 Y=6505.455 Z=673.449) RuntimeGrid:None EditorOnly:0 RuntimeOnly:0 HLODRelevant:1
 |   |   |- [+] [ 11]
 |   |   |   |- Guid:D24D61B944EF71BE7BC469B7EB239299 BaseClass: NativeClass:/Script/Engine.ExponentialHeightFog Name:ExponentialHeightFog_1 Label:ExponentialHeightFog SpatiallyLoaded:0 Bounds:IsValid=true, Min=(X=-5600.000 Y=-50.000 Z=-6850.000), Max=(X=-5600.000 Y=-50.000 Z=-6850.000) RuntimeGrid:None EditorOnly:0 RuntimeOnly:0 HLODRelevant:0 FolderPath:Lighting FolderGuid:4C9334684BA61B42C769F799D2576455
 |   |   |- [+] [ 12]
 |   |   |   |- Guid:77F893B3468595EE782136AD620D7EF4 BaseClass: NativeClass:/Script/Engine.VolumetricCloud Name:VolumetricCloud_0 Label:VolumetricCloud SpatiallyLoaded:0 Bounds:IsValid=true, Min=(X=0.000 Y=0.000 Z=820.000), Max=(X=0.000 Y=0.000 Z=820.000) RuntimeGrid:None EditorOnly:0 RuntimeOnly:0 HLODRelevant:0 FolderPath:Lighting FolderGuid:4C9334684BA61B42C769F799D2576455
 |   |   |- [+] [ 13]
 |   |   |   |- Guid:A16801A34888C3B1D1DE009981D65D9B BaseClass:/Game/Units/Unit_style_1.Unit_style_1_C NativeClass:/Script/Engine.Character Name:Unit_style_1_C_UAID_507B9DF5431BCD6601_1116198952 Label:Unit_style_4 SpatiallyLoaded:1 Bounds:IsValid=true, Min=(X=-107.000 Y=-2959.357 Z=-3.000), Max=(X=-44.941 Y=-2896.991 Z=178.739) RuntimeGrid:None EditorOnly:0 RuntimeOnly:0 HLODRelevant:0 FolderPath:PlayerUnits FolderGuid:DA2D831249590C3E5F1932BA1F7B549B
 |   |   |- [+] [ 14]
 |   |   |   |- Guid:F33CC5014C49925B3A9D52A063AF483F BaseClass: NativeClass:/Script/Engine.PlayerStart Name:PlayerStart_0 Label:PlayerStart SpatiallyLoaded:0 Bounds:IsValid=true, Min=(X=960.000 Y=1770.000 Z=0.013), Max=(X=1040.000 Y=1850.000 Z=184.013) RuntimeGrid:None EditorOnly:0 RuntimeOnly:0 HLODRelevant:0
 |   |   |- [+] [ 15]
 |   |   |   |- Guid:147C8D134B12D635012D5F8C57D2C96F BaseClass: NativeClass:/Script/Engine.PostProcessVolume Name:PostProcessVolume_1 Label:PostProcessVolume SpatiallyLoaded:0 Bounds:IsValid=true, Min=(X=0.000 Y=0.000 Z=400.000), Max=(X=200.000 Y=200.000 Z=600.000) RuntimeGrid:None EditorOnly:0 RuntimeOnly:0 HLODRelevant:0 FolderPath:Lighting FolderGuid:4C9334684BA61B42C769F799D2576455
 |   |   |- [+] [ 16]
 |   |   |   |- Guid:FBD67EF146C7B0900694B485F3873EF0 BaseClass: NativeClass:/Script/Engine.StaticMeshActor Name:StaticMeshActor_UAID_507B9DF5431BAB6801_1281004080 Label:S_Tundra_Rocky_Ground_vjdraaqmw_lod5_Var1 SpatiallyLoaded:1 Bounds:IsValid=true, Min=(X=257.859 Y=-5407.415 Z=-21.956), Max=(X=2938.954 Y=-3343.237 Z=351.264) RuntimeGrid:None EditorOnly:0 RuntimeOnly:0 HLODRelevant:1
 |   |   |- [+] [ 17]
 |   |   |   |- Guid:AECEEEE741E6DE68F6843FA49564A956 BaseClass: NativeClass:/Script/Engine.DirectionalLight Name:DirectionalLight_1 Label:DirectionalLight SpatiallyLoaded:0 Bounds:IsValid=true, Min=(X=-4398046511104.000 Y=-4398046511104.000 Z=-4398046511104.000), Max=(X=4398046511104.000 Y=4398046511104.000 Z=4398046511104.000) RuntimeGrid:None EditorOnly:0 RuntimeOnly:0 HLODRelevant:0 FolderPath:Lighting FolderGuid:4C9334684BA61B42C769F799D2576455
 |   |   |- [+] [ 18]
 |   |   |   |- Guid:2DF0D95440BE0EDA81652F860DC7268E BaseClass: NativeClass:/Script/Engine.WorldDataLayers Name:WorldDataLayers Label:WorldDataLayers SpatiallyLoaded:0 Bounds:IsValid=true, Min=(X=0.000 Y=0.000 Z=0.000), Max=(X=0.000 Y=0.000 Z=0.000) RuntimeGrid:None EditorOnly:0 RuntimeOnly:0 HLODRelevant:0
 |   |   |- [+] [ 19]
 |   |   |   |- Guid:185DED974BA441C950492BA95E174FD9 BaseClass:/Game/Units/Unit_style_2.Unit_style_2_C NativeClass:/Script/Engine.Character Name:Unit_style_2_C_UAID_507B9DF5431BCD6601_1123594954 Label:Unit_style_6 SpatiallyLoaded:1 Bounds:IsValid=true, Min=(X=-177.000 Y=-3127.000 Z=-3.000), Max=(X=-109.800 Y=-3067.000 Z=181.529) RuntimeGrid:None EditorOnly:0 RuntimeOnly:0 HLODRelevant:0 FolderPath:PlayerUnits FolderGuid:DA2D831249590C3E5F1932BA1F7B549B
 |   |   |- [+] [ 20]
 |   |   |   |- Guid:66BCBF874D2A22ADC6523B95EE812CA3 BaseClass: NativeClass:/Script/Engine.StaticMeshActor Name:StaticMeshActor_UAID_A4AE111137DC5CFB00_1660657071 Label:SM_SkySphere SpatiallyLoaded:0 Bounds:IsValid=true, Min=(X=-1638400.000 Y=-1638400.000 Z=-1638400.000), Max=(X=1638400.000 Y=1638400.000 Z=1638400.000) RuntimeGrid:None EditorOnly:0 RuntimeOnly:0 HLODRelevant:1 FolderPath:Lighting FolderGuid:4C9334684BA61B42C769F799D2576455
 |   |   |- [+] [ 21]
 |   |   |   |- Guid:1742DF43475F097453197AA79C7473D9 BaseClass: NativeClass:/Script/Engine.SkyLight Name:SkyLight_1 Label:SkyLight SpatiallyLoaded:0 Bounds:IsValid=true, Min=(X=0.000 Y=0.000 Z=690.000), Max=(X=0.000 Y=0.000 Z=690.000) RuntimeGrid:None EditorOnly:0 RuntimeOnly:0 HLODRelevant:0 FolderPath:Lighting FolderGuid:4C9334684BA61B42C769F799D2576455
 |   |   |- [+] [ 22]
 |   |   |   |- Guid:8FC798AB4B2E3B37FF0B9CA8BC0F43E6 BaseClass: NativeClass:/Script/Engine.StaticMeshActor Name:StaticMeshActor_UAID_507B9DF5431BAD6801_1202789483 Label:S_Mossy_Rock_Formation_wjwqfcy_lod5_Var1 SpatiallyLoaded:1 Bounds:IsValid=true, Min=(X=-4439.541 Y=-5604.860 Z=-283.406), Max=(X=-113.355 Y=-1385.918 Z=1462.167) RuntimeGrid:None EditorOnly:0 RuntimeOnly:0 HLODRelevant:1
 |   |   |- [+] [ 23]
 |   |   |   |- Guid:7100435B4CFFC188536B64847AD2D05F BaseClass: NativeClass:/Script/Engine.StaticMeshActor Name:StaticMeshActor_UAID_507B9DF5431BAB6801_1399443083 Label:S_Huge_Sandstone_Cliff_vmobfiw_lod5_Var2 SpatiallyLoaded:1 Bounds:IsValid=true, Min=(X=2132.894 Y=-4655.993 Z=-16.839), Max=(X=4472.272 Y=-2817.574 Z=717.356) RuntimeGrid:None EditorOnly:0 RuntimeOnly:0 HLODRelevant:1
 |   |   |- [+] [ 24]
 |   |   |   |- Guid:F69052ED4E5E4946F3D0B9A2B40A7B49 BaseClass: NativeClass:/Script/Engine.StaticMeshActor Name:StaticMeshActor_UAID_507B9DF5431BAB6801_1528297085 Label:S_Huge_Sandstone_Cliff_vmjecjd_lod5_Var2 SpatiallyLoaded:1 Bounds:IsValid=true, Min=(X=1699.162 Y=-5414.080 Z=-156.908), Max=(X=3267.536 Y=-4085.906 Z=1194.831) RuntimeGrid:None EditorOnly:0 RuntimeOnly:0 HLODRelevant:1
 |   |   |- [+] [ 25]
 |   |   |   |- Guid:9D9012704C6A5AD225D1B298819AF958 BaseClass: NativeClass:/Script/Engine.StaticMeshActor Name:StaticMeshActor_UAID_507B9DF5431BAB6801_1567286086 Label:S_Huge_Sandstone_Cliff_vmjecjd_lod5_Var3 SpatiallyLoaded:1 Bounds:IsValid=true, Min=(X=4100.024 Y=-4049.722 Z=-154.703), Max=(X=5529.285 Y=-2724.126 Z=1084.460) RuntimeGrid:None EditorOnly:0 RuntimeOnly:0 HLODRelevant:1
 |   |   |- [+] [ 26]
 |   |   |   |- Guid:02182D00481664B6B7E34AA67C91C27F BaseClass: NativeClass:/Script/Engine.StaticMeshActor Name:StaticMeshActor_UAID_507B9DF5431BAD6801_1129017482 Label:S_Tundra_Rocky_Ground_vjdraaqmw_lod5_Var2 SpatiallyLoaded:1 Bounds:IsValid=true, Min=(X=3116.859 Y=-5578.415 Z=-21.956), Max=(X=5797.954 Y=-3514.237 Z=351.264) RuntimeGrid:None EditorOnly:0 RuntimeOnly:0 HLODRelevant:1
 |   |   |- [+] [ 27]
 |   |   |   |- Guid:B40DDA154BE8B3D3E4D70F859D9B18F5 BaseClass: NativeClass:/Script/Foliage.InstancedFoliageActor Name:InstancedFoliageActor_25600_-1_0_0 Label:InstancedFoliageActor_-1_0_0 SpatiallyLoaded:1 Bounds:IsValid=true, Min=(X=-25600.000 Y=0.000 Z=0.000), Max=(X=0.000 Y=25600.000 Z=25600.000) RuntimeGrid:None EditorOnly:0 RuntimeOnly:0 HLODRelevant:1
 |   |   |- [+] [ 28]
 |   |   |   |- Guid:7D1D3A994B15BC26D0E9B8AB7FB0D28B BaseClass: NativeClass:/Script/Foliage.InstancedFoliageActor Name:InstancedFoliageActor_25600_0_0_0 Label:InstancedFoliageActor_0_0_0 SpatiallyLoaded:1 Bounds:IsValid=true, Min=(X=0.000 Y=0.000 Z=0.000), Max=(X=25600.000 Y=25600.000 Z=25600.000) RuntimeGrid:None EditorOnly:0 RuntimeOnly:0 HLODRelevant:1
 |   |   |- [+] [ 29]
 |   |   |   |- Guid:26F7E6214F4A88FD6F9EAABF4818A891 BaseClass: NativeClass:/Script/Foliage.InstancedFoliageActor Name:InstancedFoliageActor_25600_0_-1_0 Label:InstancedFoliageActor_0_-1_0 SpatiallyLoaded:1 Bounds:IsValid=true, Min=(X=0.000 Y=-25600.000 Z=0.000), Max=(X=25600.000 Y=0.000 Z=25600.000) RuntimeGrid:None EditorOnly:0 RuntimeOnly:0 HLODRelevant:1
 |   |   |- [+] [ 30]
 |   |   |   |- Guid:F8753D104F273105A6F4319B7DD08BE9 BaseClass: NativeClass:/Script/Foliage.InstancedFoliageActor Name:InstancedFoliageActor_25600_-1_-1_0 Label:InstancedFoliageActor_-1_-1_0 SpatiallyLoaded:1 Bounds:IsValid=true, Min=(X=-25600.000 Y=-25600.000 Z=0.000), Max=(X=0.000 Y=0.000 Z=25600.000) RuntimeGrid:None EditorOnly:0 RuntimeOnly:0 HLODRelevant:1
 |- ContainerInstances:
 |- [+] MainContainer:
 |   |-        ID: 0x0000000000000000
 |   |-    Bounds: IsValid=false, Min=(X=0.000 Y=0.000 Z=0.000), Max=(X=0.000 Y=0.000 Z=0.000)
 |   |- Transform: 0.000000,0.000000,0.000000|0.000000,0.000000,-0.000000|1.000000,1.000000,1.000000
 |   |- Container: /Game/TopDown/Maps/TopDownMap
----------------------------------------------------------------------------------------------------------------
TopDownMap - Persistent Level
----------------------------------------------------------------------------------------------------------------
Always loaded Actor Count: 48 

----------------------------------------------------------------------------------------------------------------
TopDownMap - Runtime Spatial Hash - Streaming Grid - MainGrid
----------------------------------------------------------------------------------------------------------------
            Origin: X=0.000 Y=0.000 Z=0.000
         Cell Size: 12800
      World Bounds: IsValid=false, Min=(X=0.000 Y=0.000 Z=0.000), Max=(X=0.000 Y=0.000 Z=0.000)
     Loading Range: 25600.00
Block Slow Loading: No
 ClientOnlyVisible: No

[+] Grid Levels: 1
 |- Level  0: Cell Count    0 | Cell Size   12800 | Actor Count    0 (0.0%)

[+] Content of Grid Level 0

